<?xml version="1.0" encoding="UTF-8" ?>
<testsuite errors="0" failures="0" hostname="zeuss-MacBook-Pro.local" name="com.flatironschool.javacs.WikiPhilosophyTest" skipped="0" tests="1" time="5.133" timestamp="2016-05-20T18:29:19">
  <properties>
[...]
</properties>
  <testcase classname="com.flatironschool.javacs.WikiPhilosophyTest" name="testMain" time="5.076" />
  <system-out><![CDATA[Searching path...
https://en.wikipedia.org/wiki/Programming_language
Searching path...
https://en.wikipedia.org/wiki/Formal_language
Searching path...
https://en.wikipedia.org/wiki/Mathematics
Searching path...
https://en.wikipedia.org/wiki/Quantity
Searching path...
https://en.wikipedia.org/wiki/Property_(philosophy)
Searching path...
https://en.wikipedia.org/wiki/Philosophy
The myth is true!
]]></system-out>
  <system-err><![CDATA[]]></system-err>
</testsuite>
